[2023-01-23T10:08:12.442686+01:00] miApp.DEBUG: Se ha añadido dulce al array ["Chocolate negro","Peter"] []
[2023-01-23T10:08:12.443626+01:00] miApp.DEBUG: Se ha añadido dulce al array ["Donut","Peter"] []
[2023-01-23T10:08:12.443661+01:00] miApp.DEBUG: Se ha añadido dulce al array ["Tarta de chocolate","Peter"] []
[2023-01-23T10:08:12.443685+01:00] miApp.DEBUG: Se ha añadido dulce al array ["Tarta de chocolate","Dani"] []
[2023-01-23T10:08:12.443815+01:00] miApp.ERROR: Cliente no encontrado [100] []
[2023-01-23T10:08:12.444103+01:00] miApp.ERROR: Dulce no encontrado [500] []
[2023-01-23T10:08:12.444224+01:00] miApp.ALERT: Dulce no comprado [{"src\\app\\Chocolate":{"nombre":"Chocolate negro"}}] []
[2023-01-23T10:13:03.236811+01:00] miApp.DEBUG: Se ha añadido dulce al array ["Chocolate negro","Peter"] []
[2023-01-23T10:13:03.240113+01:00] miApp.DEBUG: Se ha añadido dulce al array ["Donut","Peter"] []
[2023-01-23T10:13:03.240289+01:00] miApp.DEBUG: Se ha añadido dulce al array ["Tarta de chocolate","Peter"] []
[2023-01-23T10:13:03.240327+01:00] miApp.DEBUG: Se ha añadido dulce al array ["Tarta de chocolate","Dani"] []
[2023-01-23T10:13:03.240866+01:00] miApp.ERROR: Cliente no encontrado [100] []
[2023-01-23T10:13:03.241964+01:00] miApp.ERROR: Dulce no encontrado [500] []
[2023-01-23T10:13:03.242194+01:00] miApp.ALERT: Dulce no comprado [{"src\\app\\Chocolate":{"nombre":"Chocolate negro"}}] []
[2023-01-23T10:31:20.041167+01:00] miApp.DEBUG: Se ha añadido dulce al array ["Chocolate negro","Peter"] []
[2023-01-23T10:31:20.042479+01:00] miApp.DEBUG: Se ha añadido dulce al array ["Donut","Peter"] []
[2023-01-23T10:31:20.042514+01:00] miApp.DEBUG: Se ha añadido dulce al array ["Tarta de chocolate","Peter"] []
[2023-01-23T10:31:20.042538+01:00] miApp.DEBUG: Se ha añadido dulce al array ["Tarta de chocolate","Dani"] []
[2023-01-23T10:31:20.042664+01:00] miApp.ERROR: Cliente no encontrado [100] []
[2023-01-23T10:31:20.043074+01:00] miApp.ERROR: Dulce no encontrado [500] []
[2023-01-23T10:31:20.043258+01:00] miApp.ALERT: Dulce no comprado [{"src\\app\\Chocolate":{"nombre":"Chocolate negro"}}] []
